<?xml version="1.0" encoding="UTF-8"?>
<!-- Generated by org.testng.reporters.JUnitReportReporter -->
<testsuite hostname="Reshma-PC" failures="0" tests="1" name="com.crm.Campaign.CreateCampaignTest" time="107.446" errors="0" timestamp="2022-07-16T23:40:11 IST" skipped="0">
  <testcase classname="com.crm.Campaign.CreateCampaignTest" name="createCampaign" time="107.446"/>
  <system-out/>
</testsuite> <!-- com.crm.Campaign.CreateCampaignTest -->
